<?xml version="1.0" encoding="UTF-8" ?>
<testsuite errors="0" failures="0" hostname="MacBook-Air-3.local" name="edu.sc.csce747.MeetingPlanner.PersonTest" skipped="0" tests="22" time="0.066" timestamp="2025-10-29T15:25:22">
  <properties>
[...]
</properties>
  <testcase classname="edu.sc.csce747.MeetingPlanner.PersonTest" name="testIsBusy_invalidTime" time="0.003" />
  <testcase classname="edu.sc.csce747.MeetingPlanner.PersonTest" name="testPrintAgenda_day" time="0.002" />
  <testcase classname="edu.sc.csce747.MeetingPlanner.PersonTest" name="testAddMeeting_boundaryTimes" time="0.0" />
  <testcase classname="edu.sc.csce747.MeetingPlanner.PersonTest" name="testAddMeeting_multipleMeetings" time="0.001" />
  <testcase classname="edu.sc.csce747.MeetingPlanner.PersonTest" name="testIsBusy_invalidParameters" time="0.0" />
  <testcase classname="edu.sc.csce747.MeetingPlanner.PersonTest" name="testIsBusy_invalidDay" time="0.0" />
  <testcase classname="edu.sc.csce747.MeetingPlanner.PersonTest" name="testRemoveMeeting" time="0.0" />
  <testcase classname="edu.sc.csce747.MeetingPlanner.PersonTest" name="testAddMeeting_exactOverlap" time="0.002" />
  <testcase classname="edu.sc.csce747.MeetingPlanner.PersonTest" name="testAddMeeting_timeConflict" time="0.0" />
  <testcase classname="edu.sc.csce747.MeetingPlanner.PersonTest" name="testAddMeeting_consecutiveMeetings" time="0.0" />
  <testcase classname="edu.sc.csce747.MeetingPlanner.PersonTest" name="testAddMeeting_nullMeeting" time="0.0" />
  <testcase classname="edu.sc.csce747.MeetingPlanner.PersonTest" name="testAddMeeting_valid" time="0.0" />
  <testcase classname="edu.sc.csce747.MeetingPlanner.PersonTest" name="testGetMeeting_invalidIndex" time="0.001" />
  <testcase classname="edu.sc.csce747.MeetingPlanner.PersonTest" name="testGetMeeting" time="0.0" />
  <testcase classname="edu.sc.csce747.MeetingPlanner.PersonTest" name="testAddMeeting_invalidDate" time="0.0" />
  <testcase classname="edu.sc.csce747.MeetingPlanner.PersonTest" name="testAddMeeting_invalidTime" time="0.0" />
  <testcase classname="edu.sc.csce747.MeetingPlanner.PersonTest" name="testAddMeeting_sameTimeDifferentDays" time="0.0" />
  <testcase classname="edu.sc.csce747.MeetingPlanner.PersonTest" name="testConstructor_withName" time="0.001" />
  <testcase classname="edu.sc.csce747.MeetingPlanner.PersonTest" name="testPrintAgenda_month" time="0.0" />
  <testcase classname="edu.sc.csce747.MeetingPlanner.PersonTest" name="testIsBusy_noConflict" time="0.001" />
  <testcase classname="edu.sc.csce747.MeetingPlanner.PersonTest" name="testDefaultConstructor" time="0.0" />
  <testcase classname="edu.sc.csce747.MeetingPlanner.PersonTest" name="testRemoveMeeting_invalidIndex" time="0.0" />
  <system-out><![CDATA[]]></system-out>
  <system-err><![CDATA[]]></system-err>
</testsuite>
