<?xml version="1.0" encoding="UTF-8" ?>
<testsuite errors="7" failures="0" hostname="MacBook-Air-3.local" name="edu.sc.csce747.MeetingPlanner.PersonTest" skipped="0" tests="22" time="0.004" timestamp="2025-10-29T14:53:40">
  <properties>
[...]
</properties>
  <testcase classname="edu.sc.csce747.MeetingPlanner.PersonTest" name="testIsBusy_invalidTime" time="0.0" />
  <testcase classname="edu.sc.csce747.MeetingPlanner.PersonTest" name="testPrintAgenda_day" time="0.0">
    <error message="Cannot invoke &quot;edu.sc.csce747.MeetingPlanner.Room.getID()&quot; because &quot;this.room&quot; is null" type="java.lang.NullPointerException">java.lang.NullPointerException: Cannot invoke &quot;edu.sc.csce747.MeetingPlanner.Room.getID()&quot; because &quot;this.room&quot; is null
	at edu.sc.csce747.MeetingPlanner.Meeting.toString(Meeting.java:103)
	at edu.sc.csce747.MeetingPlanner.Calendar.printAgenda(Calendar.java:178)
	at edu.sc.csce747.MeetingPlanner.Person.printAgenda(Person.java:52)
	at edu.sc.csce747.MeetingPlanner.PersonTest.testPrintAgenda_day(PersonTest.java:102)
	at java.base/jdk.internal.reflect.DirectMethodHandleAccessor.invoke(DirectMethodHandleAccessor.java:104)
	at java.base/jdk.internal.reflect.DirectMethodHandleAccessor.invoke(DirectMethodHandleAccessor.java:104)
</error>
  </testcase>
  <testcase classname="edu.sc.csce747.MeetingPlanner.PersonTest" name="testAddMeeting_boundaryTimes" time="0.0">
    <error message="Cannot invoke &quot;String.equals(Object)&quot; because the return value of &quot;edu.sc.csce747.MeetingPlanner.Meeting.getDescription()&quot; is null" type="java.lang.NullPointerException">java.lang.NullPointerException: Cannot invoke &quot;String.equals(Object)&quot; because the return value of &quot;edu.sc.csce747.MeetingPlanner.Meeting.getDescription()&quot; is null
	at edu.sc.csce747.MeetingPlanner.Calendar.addMeeting(Calendar.java:123)
	at edu.sc.csce747.MeetingPlanner.Person.addMeeting(Person.java:33)
	at edu.sc.csce747.MeetingPlanner.PersonTest.testAddMeeting_boundaryTimes(PersonTest.java:226)
	at java.base/jdk.internal.reflect.DirectMethodHandleAccessor.invoke(DirectMethodHandleAccessor.java:104)
	at java.base/jdk.internal.reflect.DirectMethodHandleAccessor.invoke(DirectMethodHandleAccessor.java:104)
</error>
  </testcase>
  <testcase classname="edu.sc.csce747.MeetingPlanner.PersonTest" name="testAddMeeting_multipleMeetings" time="0.0">
    <error message="Cannot invoke &quot;String.equals(Object)&quot; because the return value of &quot;edu.sc.csce747.MeetingPlanner.Meeting.getDescription()&quot; is null" type="java.lang.NullPointerException">java.lang.NullPointerException: Cannot invoke &quot;String.equals(Object)&quot; because the return value of &quot;edu.sc.csce747.MeetingPlanner.Meeting.getDescription()&quot; is null
	at edu.sc.csce747.MeetingPlanner.Calendar.addMeeting(Calendar.java:123)
	at edu.sc.csce747.MeetingPlanner.Person.addMeeting(Person.java:33)
	at edu.sc.csce747.MeetingPlanner.PersonTest.testAddMeeting_multipleMeetings(PersonTest.java:60)
	at java.base/jdk.internal.reflect.DirectMethodHandleAccessor.invoke(DirectMethodHandleAccessor.java:104)
	at java.base/jdk.internal.reflect.DirectMethodHandleAccessor.invoke(DirectMethodHandleAccessor.java:104)
</error>
  </testcase>
  <testcase classname="edu.sc.csce747.MeetingPlanner.PersonTest" name="testIsBusy_invalidParameters" time="0.0" />
  <testcase classname="edu.sc.csce747.MeetingPlanner.PersonTest" name="testIsBusy_invalidDay" time="0.0" />
  <testcase classname="edu.sc.csce747.MeetingPlanner.PersonTest" name="testRemoveMeeting" time="0.0" />
  <testcase classname="edu.sc.csce747.MeetingPlanner.PersonTest" name="testAddMeeting_exactOverlap" time="0.0">
    <error message="Cannot invoke &quot;String.equals(Object)&quot; because the return value of &quot;edu.sc.csce747.MeetingPlanner.Meeting.getDescription()&quot; is null" type="java.lang.NullPointerException">java.lang.NullPointerException: Cannot invoke &quot;String.equals(Object)&quot; because the return value of &quot;edu.sc.csce747.MeetingPlanner.Meeting.getDescription()&quot; is null
	at edu.sc.csce747.MeetingPlanner.Calendar.addMeeting(Calendar.java:123)
	at edu.sc.csce747.MeetingPlanner.Person.addMeeting(Person.java:33)
	at edu.sc.csce747.MeetingPlanner.PersonTest.testAddMeeting_exactOverlap(PersonTest.java:159)
	at java.base/jdk.internal.reflect.DirectMethodHandleAccessor.invoke(DirectMethodHandleAccessor.java:104)
	at java.base/jdk.internal.reflect.DirectMethodHandleAccessor.invoke(DirectMethodHandleAccessor.java:104)
</error>
  </testcase>
  <testcase classname="edu.sc.csce747.MeetingPlanner.PersonTest" name="testAddMeeting_timeConflict" time="0.0">
    <error message="Cannot invoke &quot;String.equals(Object)&quot; because the return value of &quot;edu.sc.csce747.MeetingPlanner.Meeting.getDescription()&quot; is null" type="java.lang.NullPointerException">java.lang.NullPointerException: Cannot invoke &quot;String.equals(Object)&quot; because the return value of &quot;edu.sc.csce747.MeetingPlanner.Meeting.getDescription()&quot; is null
	at edu.sc.csce747.MeetingPlanner.Calendar.addMeeting(Calendar.java:123)
	at edu.sc.csce747.MeetingPlanner.Person.addMeeting(Person.java:33)
	at edu.sc.csce747.MeetingPlanner.PersonTest.testAddMeeting_timeConflict(PersonTest.java:146)
	at java.base/jdk.internal.reflect.DirectMethodHandleAccessor.invoke(DirectMethodHandleAccessor.java:104)
	at java.base/jdk.internal.reflect.DirectMethodHandleAccessor.invoke(DirectMethodHandleAccessor.java:104)
</error>
  </testcase>
  <testcase classname="edu.sc.csce747.MeetingPlanner.PersonTest" name="testAddMeeting_consecutiveMeetings" time="0.0">
    <error message="Cannot invoke &quot;String.equals(Object)&quot; because the return value of &quot;edu.sc.csce747.MeetingPlanner.Meeting.getDescription()&quot; is null" type="java.lang.NullPointerException">java.lang.NullPointerException: Cannot invoke &quot;String.equals(Object)&quot; because the return value of &quot;edu.sc.csce747.MeetingPlanner.Meeting.getDescription()&quot; is null
	at edu.sc.csce747.MeetingPlanner.Calendar.addMeeting(Calendar.java:123)
	at edu.sc.csce747.MeetingPlanner.Person.addMeeting(Person.java:33)
	at edu.sc.csce747.MeetingPlanner.PersonTest.testAddMeeting_consecutiveMeetings(PersonTest.java:241)
	at java.base/jdk.internal.reflect.DirectMethodHandleAccessor.invoke(DirectMethodHandleAccessor.java:104)
	at java.base/jdk.internal.reflect.DirectMethodHandleAccessor.invoke(DirectMethodHandleAccessor.java:104)
</error>
  </testcase>
  <testcase classname="edu.sc.csce747.MeetingPlanner.PersonTest" name="testAddMeeting_nullMeeting" time="0.0" />
  <testcase classname="edu.sc.csce747.MeetingPlanner.PersonTest" name="testAddMeeting_valid" time="0.0" />
  <testcase classname="edu.sc.csce747.MeetingPlanner.PersonTest" name="testGetMeeting_invalidIndex" time="0.0" />
  <testcase classname="edu.sc.csce747.MeetingPlanner.PersonTest" name="testGetMeeting" time="0.0" />
  <testcase classname="edu.sc.csce747.MeetingPlanner.PersonTest" name="testAddMeeting_invalidDate" time="0.0" />
  <testcase classname="edu.sc.csce747.MeetingPlanner.PersonTest" name="testAddMeeting_invalidTime" time="0.0" />
  <testcase classname="edu.sc.csce747.MeetingPlanner.PersonTest" name="testAddMeeting_sameTimeDifferentDays" time="0.0" />
  <testcase classname="edu.sc.csce747.MeetingPlanner.PersonTest" name="testConstructor_withName" time="0.0" />
  <testcase classname="edu.sc.csce747.MeetingPlanner.PersonTest" name="testPrintAgenda_month" time="0.001">
    <error message="Cannot invoke &quot;String.equals(Object)&quot; because the return value of &quot;edu.sc.csce747.MeetingPlanner.Meeting.getDescription()&quot; is null" type="java.lang.NullPointerException">java.lang.NullPointerException: Cannot invoke &quot;String.equals(Object)&quot; because the return value of &quot;edu.sc.csce747.MeetingPlanner.Meeting.getDescription()&quot; is null
	at edu.sc.csce747.MeetingPlanner.Calendar.addMeeting(Calendar.java:123)
	at edu.sc.csce747.MeetingPlanner.Person.addMeeting(Person.java:33)
	at edu.sc.csce747.MeetingPlanner.PersonTest.testPrintAgenda_month(PersonTest.java:87)
	at java.base/jdk.internal.reflect.DirectMethodHandleAccessor.invoke(DirectMethodHandleAccessor.java:104)
	at java.base/jdk.internal.reflect.DirectMethodHandleAccessor.invoke(DirectMethodHandleAccessor.java:104)
</error>
  </testcase>
  <testcase classname="edu.sc.csce747.MeetingPlanner.PersonTest" name="testIsBusy_noConflict" time="0.0" />
  <testcase classname="edu.sc.csce747.MeetingPlanner.PersonTest" name="testDefaultConstructor" time="0.0" />
  <testcase classname="edu.sc.csce747.MeetingPlanner.PersonTest" name="testRemoveMeeting_invalidIndex" time="0.0" />
  <system-out><![CDATA[]]></system-out>
  <system-err><![CDATA[]]></system-err>
</testsuite>
