<?xml version="1.0" encoding="UTF-8" ?>
<testsuite errors="7" failures="0" hostname="MacBook-Air.local" name="edu.sc.csce747.MeetingPlanner.RoomTest" skipped="0" tests="21" time="0.066" timestamp="2025-10-15T11:26:11">
  <properties>
[...]
</properties>
  <testcase classname="edu.sc.csce747.MeetingPlanner.RoomTest" name="testIsBusy_invalidTime" time="0.003" />
  <testcase classname="edu.sc.csce747.MeetingPlanner.RoomTest" name="testPrintAgenda_day" time="0.005">
    <error message="Cannot invoke &quot;edu.sc.csce747.MeetingPlanner.Room.getID()&quot; because &quot;this.room&quot; is null" type="java.lang.NullPointerException">java.lang.NullPointerException: Cannot invoke &quot;edu.sc.csce747.MeetingPlanner.Room.getID()&quot; because &quot;this.room&quot; is null
	at edu.sc.csce747.MeetingPlanner.Meeting.toString(Meeting.java:103)
	at edu.sc.csce747.MeetingPlanner.Calendar.printAgenda(Calendar.java:178)
	at edu.sc.csce747.MeetingPlanner.Room.printAgenda(Room.java:52)
	at edu.sc.csce747.MeetingPlanner.RoomTest.testPrintAgenda_day(RoomTest.java:99)
	at java.base/jdk.internal.reflect.DirectMethodHandleAccessor.invoke(DirectMethodHandleAccessor.java:104)
</error>
  </testcase>
  <testcase classname="edu.sc.csce747.MeetingPlanner.RoomTest" name="testAddMeeting_boundaryTimes" time="0.001">
    <error message="Cannot invoke &quot;String.equals(Object)&quot; because the return value of &quot;edu.sc.csce747.MeetingPlanner.Meeting.getDescription()&quot; is null" type="java.lang.NullPointerException">java.lang.NullPointerException: Cannot invoke &quot;String.equals(Object)&quot; because the return value of &quot;edu.sc.csce747.MeetingPlanner.Meeting.getDescription()&quot; is null
	at edu.sc.csce747.MeetingPlanner.Calendar.addMeeting(Calendar.java:123)
	at edu.sc.csce747.MeetingPlanner.Room.addMeeting(Room.java:33)
	at edu.sc.csce747.MeetingPlanner.RoomTest.testAddMeeting_boundaryTimes(RoomTest.java:223)
	at java.base/jdk.internal.reflect.DirectMethodHandleAccessor.invoke(DirectMethodHandleAccessor.java:104)
</error>
  </testcase>
  <testcase classname="edu.sc.csce747.MeetingPlanner.RoomTest" name="testAddMeeting_multipleMeetings" time="0.001">
    <error message="Cannot invoke &quot;String.equals(Object)&quot; because the return value of &quot;edu.sc.csce747.MeetingPlanner.Meeting.getDescription()&quot; is null" type="java.lang.NullPointerException">java.lang.NullPointerException: Cannot invoke &quot;String.equals(Object)&quot; because the return value of &quot;edu.sc.csce747.MeetingPlanner.Meeting.getDescription()&quot; is null
	at edu.sc.csce747.MeetingPlanner.Calendar.addMeeting(Calendar.java:123)
	at edu.sc.csce747.MeetingPlanner.Room.addMeeting(Room.java:33)
	at edu.sc.csce747.MeetingPlanner.RoomTest.testAddMeeting_multipleMeetings(RoomTest.java:57)
	at java.base/jdk.internal.reflect.DirectMethodHandleAccessor.invoke(DirectMethodHandleAccessor.java:104)
</error>
  </testcase>
  <testcase classname="edu.sc.csce747.MeetingPlanner.RoomTest" name="testIsBusy_invalidParameters" time="0.0" />
  <testcase classname="edu.sc.csce747.MeetingPlanner.RoomTest" name="testRoomID_setter" time="0.0" />
  <testcase classname="edu.sc.csce747.MeetingPlanner.RoomTest" name="testIsBusy_invalidDay" time="0.0" />
  <testcase classname="edu.sc.csce747.MeetingPlanner.RoomTest" name="testRemoveMeeting" time="0.0" />
  <testcase classname="edu.sc.csce747.MeetingPlanner.RoomTest" name="testAddMeeting_exactOverlap" time="0.001">
    <error message="Cannot invoke &quot;String.equals(Object)&quot; because the return value of &quot;edu.sc.csce747.MeetingPlanner.Meeting.getDescription()&quot; is null" type="java.lang.NullPointerException">java.lang.NullPointerException: Cannot invoke &quot;String.equals(Object)&quot; because the return value of &quot;edu.sc.csce747.MeetingPlanner.Meeting.getDescription()&quot; is null
	at edu.sc.csce747.MeetingPlanner.Calendar.addMeeting(Calendar.java:123)
	at edu.sc.csce747.MeetingPlanner.Room.addMeeting(Room.java:33)
	at edu.sc.csce747.MeetingPlanner.RoomTest.testAddMeeting_exactOverlap(RoomTest.java:156)
	at java.base/jdk.internal.reflect.DirectMethodHandleAccessor.invoke(DirectMethodHandleAccessor.java:104)
</error>
  </testcase>
  <testcase classname="edu.sc.csce747.MeetingPlanner.RoomTest" name="testAddMeeting_timeConflict" time="0.0">
    <error message="Cannot invoke &quot;String.equals(Object)&quot; because the return value of &quot;edu.sc.csce747.MeetingPlanner.Meeting.getDescription()&quot; is null" type="java.lang.NullPointerException">java.lang.NullPointerException: Cannot invoke &quot;String.equals(Object)&quot; because the return value of &quot;edu.sc.csce747.MeetingPlanner.Meeting.getDescription()&quot; is null
	at edu.sc.csce747.MeetingPlanner.Calendar.addMeeting(Calendar.java:123)
	at edu.sc.csce747.MeetingPlanner.Room.addMeeting(Room.java:33)
	at edu.sc.csce747.MeetingPlanner.RoomTest.testAddMeeting_timeConflict(RoomTest.java:143)
	at java.base/jdk.internal.reflect.DirectMethodHandleAccessor.invoke(DirectMethodHandleAccessor.java:104)
</error>
  </testcase>
  <testcase classname="edu.sc.csce747.MeetingPlanner.RoomTest" name="testAddMeeting_consecutiveMeetings" time="0.0">
    <error message="Cannot invoke &quot;String.equals(Object)&quot; because the return value of &quot;edu.sc.csce747.MeetingPlanner.Meeting.getDescription()&quot; is null" type="java.lang.NullPointerException">java.lang.NullPointerException: Cannot invoke &quot;String.equals(Object)&quot; because the return value of &quot;edu.sc.csce747.MeetingPlanner.Meeting.getDescription()&quot; is null
	at edu.sc.csce747.MeetingPlanner.Calendar.addMeeting(Calendar.java:123)
	at edu.sc.csce747.MeetingPlanner.Room.addMeeting(Room.java:33)
	at edu.sc.csce747.MeetingPlanner.RoomTest.testAddMeeting_consecutiveMeetings(RoomTest.java:238)
	at java.base/jdk.internal.reflect.DirectMethodHandleAccessor.invoke(DirectMethodHandleAccessor.java:104)
</error>
  </testcase>
  <testcase classname="edu.sc.csce747.MeetingPlanner.RoomTest" name="testAddMeeting_nullMeeting" time="0.0" />
  <testcase classname="edu.sc.csce747.MeetingPlanner.RoomTest" name="testAddMeeting_valid" time="0.001" />
  <testcase classname="edu.sc.csce747.MeetingPlanner.RoomTest" name="testConstructor_withID" time="0.0" />
  <testcase classname="edu.sc.csce747.MeetingPlanner.RoomTest" name="testGetMeeting" time="0.0" />
  <testcase classname="edu.sc.csce747.MeetingPlanner.RoomTest" name="testAddMeeting_invalidDate" time="0.001" />
  <testcase classname="edu.sc.csce747.MeetingPlanner.RoomTest" name="testAddMeeting_invalidTime" time="0.0" />
  <testcase classname="edu.sc.csce747.MeetingPlanner.RoomTest" name="testAddMeeting_sameTimeDifferentDays" time="0.001" />
  <testcase classname="edu.sc.csce747.MeetingPlanner.RoomTest" name="testPrintAgenda_month" time="0.0">
    <error message="Cannot invoke &quot;String.equals(Object)&quot; because the return value of &quot;edu.sc.csce747.MeetingPlanner.Meeting.getDescription()&quot; is null" type="java.lang.NullPointerException">java.lang.NullPointerException: Cannot invoke &quot;String.equals(Object)&quot; because the return value of &quot;edu.sc.csce747.MeetingPlanner.Meeting.getDescription()&quot; is null
	at edu.sc.csce747.MeetingPlanner.Calendar.addMeeting(Calendar.java:123)
	at edu.sc.csce747.MeetingPlanner.Room.addMeeting(Room.java:33)
	at edu.sc.csce747.MeetingPlanner.RoomTest.testPrintAgenda_month(RoomTest.java:84)
	at java.base/jdk.internal.reflect.DirectMethodHandleAccessor.invoke(DirectMethodHandleAccessor.java:104)
</error>
  </testcase>
  <testcase classname="edu.sc.csce747.MeetingPlanner.RoomTest" name="testIsBusy_noConflict" time="0.0" />
  <testcase classname="edu.sc.csce747.MeetingPlanner.RoomTest" name="testDefaultConstructor" time="0.0" />
  <system-out><![CDATA[]]></system-out>
  <system-err><![CDATA[]]></system-err>
</testsuite>
