<?xml version="1.0" encoding="UTF-8" ?>
<testsuite errors="0" failures="0" hostname="MacBook-Air-3.local" name="edu.sc.csce747.MeetingPlanner.MeetingTest" skipped="0" tests="26" time="0.061" timestamp="2025-10-29T15:25:21">
  <properties>
[...]
</properties>
  <testcase classname="edu.sc.csce747.MeetingPlanner.MeetingTest" name="testToString_nullRoom" time="0.003" />
  <testcase classname="edu.sc.csce747.MeetingPlanner.MeetingTest" name="testConstructor_monthDay" time="0.0" />
  <testcase classname="edu.sc.csce747.MeetingPlanner.MeetingTest" name="testAddAttendee_duplicate" time="0.0" />
  <testcase classname="edu.sc.csce747.MeetingPlanner.MeetingTest" name="testConstructor_full" time="0.0" />
  <testcase classname="edu.sc.csce747.MeetingPlanner.MeetingTest" name="testAddAttendee" time="0.001" />
  <testcase classname="edu.sc.csce747.MeetingPlanner.MeetingTest" name="testSetEndTime_tooHigh" time="0.0" />
  <testcase classname="edu.sc.csce747.MeetingPlanner.MeetingTest" name="testSetMonth_boundaryValues" time="0.0" />
  <testcase classname="edu.sc.csce747.MeetingPlanner.MeetingTest" name="testSetStartTime_negative" time="0.001" />
  <testcase classname="edu.sc.csce747.MeetingPlanner.MeetingTest" name="testSetDay_invalidValues" time="0.0" />
  <testcase classname="edu.sc.csce747.MeetingPlanner.MeetingTest" name="testSetDay_boundaryValues" time="0.0" />
  <testcase classname="edu.sc.csce747.MeetingPlanner.MeetingTest" name="testSettersAndGetters" time="0.001" />
  <testcase classname="edu.sc.csce747.MeetingPlanner.MeetingTest" name="testConstructor_monthDayStartEnd" time="0.0" />
  <testcase classname="edu.sc.csce747.MeetingPlanner.MeetingTest" name="testSetEndTime_boundaryValues" time="0.0" />
  <testcase classname="edu.sc.csce747.MeetingPlanner.MeetingTest" name="testConstructor_monthDayDescription" time="0.001" />
  <testcase classname="edu.sc.csce747.MeetingPlanner.MeetingTest" name="testRemoveAttendee_notInList" time="0.0" />
  <testcase classname="edu.sc.csce747.MeetingPlanner.MeetingTest" name="testAddAttendee_nullAttendeesList" time="0.0" />
  <testcase classname="edu.sc.csce747.MeetingPlanner.MeetingTest" name="testSetStartTime_boundaryValues" time="0.001" />
  <testcase classname="edu.sc.csce747.MeetingPlanner.MeetingTest" name="testRemoveAttendee_nullAttendeesList" time="0.0" />
  <testcase classname="edu.sc.csce747.MeetingPlanner.MeetingTest" name="testSetEndTime_negative" time="0.0" />
  <testcase classname="edu.sc.csce747.MeetingPlanner.MeetingTest" name="testToString_withAllFields" time="0.001" />
  <testcase classname="edu.sc.csce747.MeetingPlanner.MeetingTest" name="testToString_emptyAttendees" time="0.0" />
  <testcase classname="edu.sc.csce747.MeetingPlanner.MeetingTest" name="testSetStartTime_tooHigh" time="0.0" />
  <testcase classname="edu.sc.csce747.MeetingPlanner.MeetingTest" name="testSetMonth_invalidValues" time="0.0" />
  <testcase classname="edu.sc.csce747.MeetingPlanner.MeetingTest" name="testRemoveAttendee" time="0.0" />
  <testcase classname="edu.sc.csce747.MeetingPlanner.MeetingTest" name="testToString_nullAttendees" time="0.0" />
  <testcase classname="edu.sc.csce747.MeetingPlanner.MeetingTest" name="testDefaultConstructor" time="0.0" />
  <system-out><![CDATA[]]></system-out>
  <system-err><![CDATA[]]></system-err>
</testsuite>
