<?xml version="1.0" encoding="UTF-8" ?>
<testsuite errors="6" failures="3" hostname="MacBook-Air.local" name="edu.sc.csce747.MeetingPlanner.CalendarTest" skipped="0" tests="30" time="0.073" timestamp="2025-10-15T11:26:10">
  <properties>
[...]
</properties>
  <testcase classname="edu.sc.csce747.MeetingPlanner.CalendarTest" name="testIsBusy_invalidTime" time="0.002" />
  <testcase classname="edu.sc.csce747.MeetingPlanner.CalendarTest" name="testPrintAgenda_day" time="0.005">
    <error message="Cannot invoke &quot;edu.sc.csce747.MeetingPlanner.Room.getID()&quot; because &quot;this.room&quot; is null" type="java.lang.NullPointerException">java.lang.NullPointerException: Cannot invoke &quot;edu.sc.csce747.MeetingPlanner.Room.getID()&quot; because &quot;this.room&quot; is null
	at edu.sc.csce747.MeetingPlanner.Meeting.toString(Meeting.java:103)
	at edu.sc.csce747.MeetingPlanner.Calendar.printAgenda(Calendar.java:178)
	at edu.sc.csce747.MeetingPlanner.CalendarTest.testPrintAgenda_day(CalendarTest.java:98)
	at java.base/jdk.internal.reflect.DirectMethodHandleAccessor.invoke(DirectMethodHandleAccessor.java:104)
</error>
  </testcase>
  <testcase classname="edu.sc.csce747.MeetingPlanner.CalendarTest" name="testAddMeeting_partialOverlap_end" time="0.001">
    <error message="Cannot invoke &quot;String.equals(Object)&quot; because the return value of &quot;edu.sc.csce747.MeetingPlanner.Meeting.getDescription()&quot; is null" type="java.lang.NullPointerException">java.lang.NullPointerException: Cannot invoke &quot;String.equals(Object)&quot; because the return value of &quot;edu.sc.csce747.MeetingPlanner.Meeting.getDescription()&quot; is null
	at edu.sc.csce747.MeetingPlanner.Calendar.addMeeting(Calendar.java:123)
	at edu.sc.csce747.MeetingPlanner.CalendarTest.testAddMeeting_partialOverlap_end(CalendarTest.java:314)
	at java.base/jdk.internal.reflect.DirectMethodHandleAccessor.invoke(DirectMethodHandleAccessor.java:104)
</error>
  </testcase>
  <testcase classname="edu.sc.csce747.MeetingPlanner.CalendarTest" name="testAddMeeting_startAfterEnd" time="0.0" />
  <testcase classname="edu.sc.csce747.MeetingPlanner.CalendarTest" name="testAddMeeting_february30_invalid" time="0.001">
    <failure message="February 30th should be invalid" type="junit.framework.AssertionFailedError">junit.framework.AssertionFailedError: February 30th should be invalid
	at edu.sc.csce747.MeetingPlanner.CalendarTest.testAddMeeting_february30_invalid(CalendarTest.java:371)
	at java.base/jdk.internal.reflect.DirectMethodHandleAccessor.invoke(DirectMethodHandleAccessor.java:104)
</failure>
  </testcase>
  <testcase classname="edu.sc.csce747.MeetingPlanner.CalendarTest" name="testAddMeeting_april31_invalid" time="0.001">
    <failure message="April 31st should be invalid" type="junit.framework.AssertionFailedError">junit.framework.AssertionFailedError: April 31st should be invalid
	at edu.sc.csce747.MeetingPlanner.CalendarTest.testAddMeeting_april31_invalid(CalendarTest.java:383)
	at java.base/jdk.internal.reflect.DirectMethodHandleAccessor.invoke(DirectMethodHandleAccessor.java:104)
</failure>
  </testcase>
  <testcase classname="edu.sc.csce747.MeetingPlanner.CalendarTest" name="testAddMeeting_invalidDay_zero" time="0.0" />
  <testcase classname="edu.sc.csce747.MeetingPlanner.CalendarTest" name="testAddMeeting_startEqualsEnd" time="0.001" />
  <testcase classname="edu.sc.csce747.MeetingPlanner.CalendarTest" name="testIsBusy_invalidParameters" time="0.0" />
  <testcase classname="edu.sc.csce747.MeetingPlanner.CalendarTest" name="testAddMeeting_invalidStartTime_tooHigh" time="0.0" />
  <testcase classname="edu.sc.csce747.MeetingPlanner.CalendarTest" name="testIsBusy_invalidDay" time="0.0" />
  <testcase classname="edu.sc.csce747.MeetingPlanner.CalendarTest" name="testAddMeeting_holiday" time="0.001" />
  <testcase classname="edu.sc.csce747.MeetingPlanner.CalendarTest" name="testRemoveMeeting" time="0.0">
    <failure message="Should not be busy after removal" type="junit.framework.AssertionFailedError">junit.framework.AssertionFailedError: Should not be busy after removal
	at edu.sc.csce747.MeetingPlanner.CalendarTest.testRemoveMeeting(CalendarTest.java:129)
	at java.base/jdk.internal.reflect.DirectMethodHandleAccessor.invoke(DirectMethodHandleAccessor.java:104)
</failure>
  </testcase>
  <testcase classname="edu.sc.csce747.MeetingPlanner.CalendarTest" name="testAddMeeting_exactOverlap" time="0.001">
    <error message="Cannot invoke &quot;String.equals(Object)&quot; because the return value of &quot;edu.sc.csce747.MeetingPlanner.Meeting.getDescription()&quot; is null" type="java.lang.NullPointerException">java.lang.NullPointerException: Cannot invoke &quot;String.equals(Object)&quot; because the return value of &quot;edu.sc.csce747.MeetingPlanner.Meeting.getDescription()&quot; is null
	at edu.sc.csce747.MeetingPlanner.Calendar.addMeeting(Calendar.java:123)
	at edu.sc.csce747.MeetingPlanner.CalendarTest.testAddMeeting_exactOverlap(CalendarTest.java:288)
	at java.base/jdk.internal.reflect.DirectMethodHandleAccessor.invoke(DirectMethodHandleAccessor.java:104)
</error>
  </testcase>
  <testcase classname="edu.sc.csce747.MeetingPlanner.CalendarTest" name="testAddMeeting_timeConflict" time="0.0">
    <error message="Cannot invoke &quot;String.equals(Object)&quot; because the return value of &quot;edu.sc.csce747.MeetingPlanner.Meeting.getDescription()&quot; is null" type="java.lang.NullPointerException">java.lang.NullPointerException: Cannot invoke &quot;String.equals(Object)&quot; because the return value of &quot;edu.sc.csce747.MeetingPlanner.Meeting.getDescription()&quot; is null
	at edu.sc.csce747.MeetingPlanner.Calendar.addMeeting(Calendar.java:123)
	at edu.sc.csce747.MeetingPlanner.CalendarTest.testAddMeeting_timeConflict(CalendarTest.java:275)
	at java.base/jdk.internal.reflect.DirectMethodHandleAccessor.invoke(DirectMethodHandleAccessor.java:104)
</error>
  </testcase>
  <testcase classname="edu.sc.csce747.MeetingPlanner.CalendarTest" name="testAddMeeting_partialOverlap_start" time="0.001">
    <error message="Cannot invoke &quot;String.equals(Object)&quot; because the return value of &quot;edu.sc.csce747.MeetingPlanner.Meeting.getDescription()&quot; is null" type="java.lang.NullPointerException">java.lang.NullPointerException: Cannot invoke &quot;String.equals(Object)&quot; because the return value of &quot;edu.sc.csce747.MeetingPlanner.Meeting.getDescription()&quot; is null
	at edu.sc.csce747.MeetingPlanner.Calendar.addMeeting(Calendar.java:123)
	at edu.sc.csce747.MeetingPlanner.CalendarTest.testAddMeeting_partialOverlap_start(CalendarTest.java:301)
	at java.base/jdk.internal.reflect.DirectMethodHandleAccessor.invoke(DirectMethodHandleAccessor.java:104)
</error>
  </testcase>
  <testcase classname="edu.sc.csce747.MeetingPlanner.CalendarTest" name="testAddMeeting_validMeeting" time="0.0" />
  <testcase classname="edu.sc.csce747.MeetingPlanner.CalendarTest" name="testAddMeeting_invalidMonth_zero" time="0.0" />
  <testcase classname="edu.sc.csce747.MeetingPlanner.CalendarTest" name="testClearSchedule" time="0.001" />
  <testcase classname="edu.sc.csce747.MeetingPlanner.CalendarTest" name="testAddMeeting_invalidMonth_negative" time="0.0" />
  <testcase classname="edu.sc.csce747.MeetingPlanner.CalendarTest" name="testAddMeeting_february29_leapYear" time="0.0" />
  <testcase classname="edu.sc.csce747.MeetingPlanner.CalendarTest" name="testAddMeeting_invalidStartTime_negative" time="0.0" />
  <testcase classname="edu.sc.csce747.MeetingPlanner.CalendarTest" name="testAddMeeting_invalidDay_tooHigh" time="0.001" />
  <testcase classname="edu.sc.csce747.MeetingPlanner.CalendarTest" name="testAddMeeting_invalidEndTime_tooHigh" time="0.0" />
  <testcase classname="edu.sc.csce747.MeetingPlanner.CalendarTest" name="testAddMeeting_invalidDay_negative" time="0.0" />
  <testcase classname="edu.sc.csce747.MeetingPlanner.CalendarTest" name="testGetMeeting" time="0.0" />
  <testcase classname="edu.sc.csce747.MeetingPlanner.CalendarTest" name="testAddMeeting_invalidEndTime_negative" time="0.0" />
  <testcase classname="edu.sc.csce747.MeetingPlanner.CalendarTest" name="testPrintAgenda_month" time="0.001">
    <error message="Cannot invoke &quot;edu.sc.csce747.MeetingPlanner.Room.getID()&quot; because &quot;this.room&quot; is null" type="java.lang.NullPointerException">java.lang.NullPointerException: Cannot invoke &quot;edu.sc.csce747.MeetingPlanner.Room.getID()&quot; because &quot;this.room&quot; is null
	at edu.sc.csce747.MeetingPlanner.Meeting.toString(Meeting.java:103)
	at edu.sc.csce747.MeetingPlanner.Calendar.printAgenda(Calendar.java:162)
	at edu.sc.csce747.MeetingPlanner.CalendarTest.testPrintAgenda_month(CalendarTest.java:84)
	at java.base/jdk.internal.reflect.DirectMethodHandleAccessor.invoke(DirectMethodHandleAccessor.java:104)
</error>
  </testcase>
  <testcase classname="edu.sc.csce747.MeetingPlanner.CalendarTest" name="testAddMeeting_invalidMonth_tooHigh" time="0.0" />
  <testcase classname="edu.sc.csce747.MeetingPlanner.CalendarTest" name="testIsBusy_noConflict" time="0.0" />
  <system-out><![CDATA[]]></system-out>
  <system-err><![CDATA[]]></system-err>
</testsuite>
