<?xml version="1.0" encoding="UTF-8" ?>
<testsuites>
  <testsuite errors="0" failures="0" hostname="MacBook-Air-3.local" id="0" name="CalendarTest" package="edu.sc.csce747.MeetingPlanner" skipped="0" tests="30" time="0.064" timestamp="2025-10-29T15:25:21">
      <properties>
[...]
</properties>

      <testcase classname="edu.sc.csce747.MeetingPlanner.CalendarTest" name="testIsBusy_invalidTime" time="0.002" />

      <testcase classname="edu.sc.csce747.MeetingPlanner.CalendarTest" name="testPrintAgenda_day" time="0.002" />

      <testcase classname="edu.sc.csce747.MeetingPlanner.CalendarTest" name="testAddMeeting_partialOverlap_end" time="0.001" />

      <testcase classname="edu.sc.csce747.MeetingPlanner.CalendarTest" name="testAddMeeting_startAfterEnd" time="0.001" />

      <testcase classname="edu.sc.csce747.MeetingPlanner.CalendarTest" name="testAddMeeting_february30_invalid" time="0.0" />

      <testcase classname="edu.sc.csce747.MeetingPlanner.CalendarTest" name="testAddMeeting_april31_invalid" time="0.0" />

      <testcase classname="edu.sc.csce747.MeetingPlanner.CalendarTest" name="testAddMeeting_invalidDay_zero" time="0.0" />

      <testcase classname="edu.sc.csce747.MeetingPlanner.CalendarTest" name="testAddMeeting_startEqualsEnd" time="0.001" />

      <testcase classname="edu.sc.csce747.MeetingPlanner.CalendarTest" name="testIsBusy_invalidParameters" time="0.0" />

      <testcase classname="edu.sc.csce747.MeetingPlanner.CalendarTest" name="testAddMeeting_invalidStartTime_tooHigh" time="0.0" />

      <testcase classname="edu.sc.csce747.MeetingPlanner.CalendarTest" name="testIsBusy_invalidDay" time="0.001" />

      <testcase classname="edu.sc.csce747.MeetingPlanner.CalendarTest" name="testAddMeeting_holiday" time="0.0" />

      <testcase classname="edu.sc.csce747.MeetingPlanner.CalendarTest" name="testRemoveMeeting" time="0.0" />

      <testcase classname="edu.sc.csce747.MeetingPlanner.CalendarTest" name="testAddMeeting_exactOverlap" time="0.0" />

      <testcase classname="edu.sc.csce747.MeetingPlanner.CalendarTest" name="testAddMeeting_timeConflict" time="0.0" />

      <testcase classname="edu.sc.csce747.MeetingPlanner.CalendarTest" name="testAddMeeting_partialOverlap_start" time="0.0" />

      <testcase classname="edu.sc.csce747.MeetingPlanner.CalendarTest" name="testAddMeeting_validMeeting" time="0.0" />

      <testcase classname="edu.sc.csce747.MeetingPlanner.CalendarTest" name="testAddMeeting_invalidMonth_zero" time="0.0" />

      <testcase classname="edu.sc.csce747.MeetingPlanner.CalendarTest" name="testClearSchedule" time="0.0" />

      <testcase classname="edu.sc.csce747.MeetingPlanner.CalendarTest" name="testAddMeeting_invalidMonth_negative" time="0.0" />

      <testcase classname="edu.sc.csce747.MeetingPlanner.CalendarTest" name="testAddMeeting_february29_leapYear" time="0.0" />

      <testcase classname="edu.sc.csce747.MeetingPlanner.CalendarTest" name="testAddMeeting_invalidStartTime_negative" time="0.0" />

      <testcase classname="edu.sc.csce747.MeetingPlanner.CalendarTest" name="testAddMeeting_invalidDay_tooHigh" time="0.0" />

      <testcase classname="edu.sc.csce747.MeetingPlanner.CalendarTest" name="testAddMeeting_invalidEndTime_tooHigh" time="0.001" />

      <testcase classname="edu.sc.csce747.MeetingPlanner.CalendarTest" name="testAddMeeting_invalidDay_negative" time="0.0" />

      <testcase classname="edu.sc.csce747.MeetingPlanner.CalendarTest" name="testGetMeeting" time="0.0" />

      <testcase classname="edu.sc.csce747.MeetingPlanner.CalendarTest" name="testAddMeeting_invalidEndTime_negative" time="0.0" />

      <testcase classname="edu.sc.csce747.MeetingPlanner.CalendarTest" name="testPrintAgenda_month" time="0.001" />

      <testcase classname="edu.sc.csce747.MeetingPlanner.CalendarTest" name="testAddMeeting_invalidMonth_tooHigh" time="0.0" />

      <testcase classname="edu.sc.csce747.MeetingPlanner.CalendarTest" name="testIsBusy_noConflict" time="0.001" />

      <system-out><![CDATA[]]></system-out>

      <system-err><![CDATA[]]></system-err>

  </testsuite>
  <testsuite errors="0" failures="0" hostname="MacBook-Air-3.local" id="1" name="MeetingTest" package="edu.sc.csce747.MeetingPlanner" skipped="0" tests="26" time="0.061" timestamp="2025-10-29T15:25:21">
      <properties>
[...]
</properties>

      <testcase classname="edu.sc.csce747.MeetingPlanner.MeetingTest" name="testToString_nullRoom" time="0.003" />

      <testcase classname="edu.sc.csce747.MeetingPlanner.MeetingTest" name="testConstructor_monthDay" time="0.0" />

      <testcase classname="edu.sc.csce747.MeetingPlanner.MeetingTest" name="testAddAttendee_duplicate" time="0.0" />

      <testcase classname="edu.sc.csce747.MeetingPlanner.MeetingTest" name="testConstructor_full" time="0.0" />

      <testcase classname="edu.sc.csce747.MeetingPlanner.MeetingTest" name="testAddAttendee" time="0.001" />

      <testcase classname="edu.sc.csce747.MeetingPlanner.MeetingTest" name="testSetEndTime_tooHigh" time="0.0" />

      <testcase classname="edu.sc.csce747.MeetingPlanner.MeetingTest" name="testSetMonth_boundaryValues" time="0.0" />

      <testcase classname="edu.sc.csce747.MeetingPlanner.MeetingTest" name="testSetStartTime_negative" time="0.001" />

      <testcase classname="edu.sc.csce747.MeetingPlanner.MeetingTest" name="testSetDay_invalidValues" time="0.0" />

      <testcase classname="edu.sc.csce747.MeetingPlanner.MeetingTest" name="testSetDay_boundaryValues" time="0.0" />

      <testcase classname="edu.sc.csce747.MeetingPlanner.MeetingTest" name="testSettersAndGetters" time="0.001" />

      <testcase classname="edu.sc.csce747.MeetingPlanner.MeetingTest" name="testConstructor_monthDayStartEnd" time="0.0" />

      <testcase classname="edu.sc.csce747.MeetingPlanner.MeetingTest" name="testSetEndTime_boundaryValues" time="0.0" />

      <testcase classname="edu.sc.csce747.MeetingPlanner.MeetingTest" name="testConstructor_monthDayDescription" time="0.001" />

      <testcase classname="edu.sc.csce747.MeetingPlanner.MeetingTest" name="testRemoveAttendee_notInList" time="0.0" />

      <testcase classname="edu.sc.csce747.MeetingPlanner.MeetingTest" name="testAddAttendee_nullAttendeesList" time="0.0" />

      <testcase classname="edu.sc.csce747.MeetingPlanner.MeetingTest" name="testSetStartTime_boundaryValues" time="0.001" />

      <testcase classname="edu.sc.csce747.MeetingPlanner.MeetingTest" name="testRemoveAttendee_nullAttendeesList" time="0.0" />

      <testcase classname="edu.sc.csce747.MeetingPlanner.MeetingTest" name="testSetEndTime_negative" time="0.0" />

      <testcase classname="edu.sc.csce747.MeetingPlanner.MeetingTest" name="testToString_withAllFields" time="0.001" />

      <testcase classname="edu.sc.csce747.MeetingPlanner.MeetingTest" name="testToString_emptyAttendees" time="0.0" />

      <testcase classname="edu.sc.csce747.MeetingPlanner.MeetingTest" name="testSetStartTime_tooHigh" time="0.0" />

      <testcase classname="edu.sc.csce747.MeetingPlanner.MeetingTest" name="testSetMonth_invalidValues" time="0.0" />

      <testcase classname="edu.sc.csce747.MeetingPlanner.MeetingTest" name="testRemoveAttendee" time="0.0" />

      <testcase classname="edu.sc.csce747.MeetingPlanner.MeetingTest" name="testToString_nullAttendees" time="0.0" />

      <testcase classname="edu.sc.csce747.MeetingPlanner.MeetingTest" name="testDefaultConstructor" time="0.0" />

      <system-out><![CDATA[]]></system-out>

      <system-err><![CDATA[]]></system-err>

  </testsuite>
  <testsuite errors="0" failures="0" hostname="MacBook-Air-3.local" id="2" name="OrganizationTest" package="edu.sc.csce747.MeetingPlanner" skipped="0" tests="26" time="0.065" timestamp="2025-10-29T15:25:22">
      <properties>
[...]
</properties>

      <testcase classname="edu.sc.csce747.MeetingPlanner.OrganizationTest" name="testGetRoom_specialCharacters" time="0.004" />

      <testcase classname="edu.sc.csce747.MeetingPlanner.OrganizationTest" name="testGetRooms" time="0.001" />

      <testcase classname="edu.sc.csce747.MeetingPlanner.OrganizationTest" name="testRoomsListIntegrity" time="0.0" />

      <testcase classname="edu.sc.csce747.MeetingPlanner.OrganizationTest" name="testGetEmployees" time="0.001" />

      <testcase classname="edu.sc.csce747.MeetingPlanner.OrganizationTest" name="testEmployeesListIntegrity" time="0.0" />

      <testcase classname="edu.sc.csce747.MeetingPlanner.OrganizationTest" name="testGetRoom_null" time="0.001" />

      <testcase classname="edu.sc.csce747.MeetingPlanner.OrganizationTest" name="testGetEmployee_specialCharacters" time="0.0" />

      <testcase classname="edu.sc.csce747.MeetingPlanner.OrganizationTest" name="testGetEmployee_null" time="0.001" />

      <testcase classname="edu.sc.csce747.MeetingPlanner.OrganizationTest" name="testGetEmployee_nonexistent" time="0.0" />

      <testcase classname="edu.sc.csce747.MeetingPlanner.OrganizationTest" name="testGetRoom_nonexistent" time="0.001" />

      <testcase classname="edu.sc.csce747.MeetingPlanner.OrganizationTest" name="testGetEmployee_existing" time="0.0" />

      <testcase classname="edu.sc.csce747.MeetingPlanner.OrganizationTest" name="testGetRoom_existing" time="0.001" />

      <testcase classname="edu.sc.csce747.MeetingPlanner.OrganizationTest" name="testGetEmployee_numbersOnly" time="0.0" />

      <testcase classname="edu.sc.csce747.MeetingPlanner.OrganizationTest" name="testGetRoom_numbersOnly" time="0.001" />

      <testcase classname="edu.sc.csce747.MeetingPlanner.OrganizationTest" name="testGetEmployee_existingCsilla" time="0.0" />

      <testcase classname="edu.sc.csce747.MeetingPlanner.OrganizationTest" name="testGetEmployee_existingManton" time="0.0" />

      <testcase classname="edu.sc.csce747.MeetingPlanner.OrganizationTest" name="testGetEmployee_emptyString" time="0.001" />

      <testcase classname="edu.sc.csce747.MeetingPlanner.OrganizationTest" name="testGetRoom_emptyString" time="0.0" />

      <testcase classname="edu.sc.csce747.MeetingPlanner.OrganizationTest" name="testGetEmployee_partialMatch" time="0.0" />

      <testcase classname="edu.sc.csce747.MeetingPlanner.OrganizationTest" name="testGetEmployee_extraSpaces" time="0.001" />

      <testcase classname="edu.sc.csce747.MeetingPlanner.OrganizationTest" name="testGetEmployee_caseSensitive" time="0.0" />

      <testcase classname="edu.sc.csce747.MeetingPlanner.OrganizationTest" name="testGetRoom_partialMatch" time="0.0" />

      <testcase classname="edu.sc.csce747.MeetingPlanner.OrganizationTest" name="testDefaultConstructor" time="0.001" />

      <testcase classname="edu.sc.csce747.MeetingPlanner.OrganizationTest" name="testGetRoom_existing2A02" time="0.0" />

      <testcase classname="edu.sc.csce747.MeetingPlanner.OrganizationTest" name="testGetRoom_existing2A05" time="0.0" />

      <testcase classname="edu.sc.csce747.MeetingPlanner.OrganizationTest" name="testGetRoom_caseSensitive" time="0.001" />

      <system-out><![CDATA[]]></system-out>

      <system-err><![CDATA[]]></system-err>

  </testsuite>
  <testsuite errors="0" failures="0" hostname="MacBook-Air-3.local" id="3" name="PersonTest" package="edu.sc.csce747.MeetingPlanner" skipped="0" tests="22" time="0.066" timestamp="2025-10-29T15:25:22">
      <properties>
[...]
</properties>

      <testcase classname="edu.sc.csce747.MeetingPlanner.PersonTest" name="testIsBusy_invalidTime" time="0.003" />

      <testcase classname="edu.sc.csce747.MeetingPlanner.PersonTest" name="testPrintAgenda_day" time="0.002" />

      <testcase classname="edu.sc.csce747.MeetingPlanner.PersonTest" name="testAddMeeting_boundaryTimes" time="0.0" />

      <testcase classname="edu.sc.csce747.MeetingPlanner.PersonTest" name="testAddMeeting_multipleMeetings" time="0.001" />

      <testcase classname="edu.sc.csce747.MeetingPlanner.PersonTest" name="testIsBusy_invalidParameters" time="0.0" />

      <testcase classname="edu.sc.csce747.MeetingPlanner.PersonTest" name="testIsBusy_invalidDay" time="0.0" />

      <testcase classname="edu.sc.csce747.MeetingPlanner.PersonTest" name="testRemoveMeeting" time="0.0" />

      <testcase classname="edu.sc.csce747.MeetingPlanner.PersonTest" name="testAddMeeting_exactOverlap" time="0.002" />

      <testcase classname="edu.sc.csce747.MeetingPlanner.PersonTest" name="testAddMeeting_timeConflict" time="0.0" />

      <testcase classname="edu.sc.csce747.MeetingPlanner.PersonTest" name="testAddMeeting_consecutiveMeetings" time="0.0" />

      <testcase classname="edu.sc.csce747.MeetingPlanner.PersonTest" name="testAddMeeting_nullMeeting" time="0.0" />

      <testcase classname="edu.sc.csce747.MeetingPlanner.PersonTest" name="testAddMeeting_valid" time="0.0" />

      <testcase classname="edu.sc.csce747.MeetingPlanner.PersonTest" name="testGetMeeting_invalidIndex" time="0.001" />

      <testcase classname="edu.sc.csce747.MeetingPlanner.PersonTest" name="testGetMeeting" time="0.0" />

      <testcase classname="edu.sc.csce747.MeetingPlanner.PersonTest" name="testAddMeeting_invalidDate" time="0.0" />

      <testcase classname="edu.sc.csce747.MeetingPlanner.PersonTest" name="testAddMeeting_invalidTime" time="0.0" />

      <testcase classname="edu.sc.csce747.MeetingPlanner.PersonTest" name="testAddMeeting_sameTimeDifferentDays" time="0.0" />

      <testcase classname="edu.sc.csce747.MeetingPlanner.PersonTest" name="testConstructor_withName" time="0.001" />

      <testcase classname="edu.sc.csce747.MeetingPlanner.PersonTest" name="testPrintAgenda_month" time="0.0" />

      <testcase classname="edu.sc.csce747.MeetingPlanner.PersonTest" name="testIsBusy_noConflict" time="0.001" />

      <testcase classname="edu.sc.csce747.MeetingPlanner.PersonTest" name="testDefaultConstructor" time="0.0" />

      <testcase classname="edu.sc.csce747.MeetingPlanner.PersonTest" name="testRemoveMeeting_invalidIndex" time="0.0" />

      <system-out><![CDATA[]]></system-out>

      <system-err><![CDATA[]]></system-err>

  </testsuite>
  <testsuite errors="0" failures="0" hostname="MacBook-Air-3.local" id="4" name="RoomTest" package="edu.sc.csce747.MeetingPlanner" skipped="0" tests="21" time="0.073" timestamp="2025-10-29T15:25:22">
      <properties>
[...]
</properties>

      <testcase classname="edu.sc.csce747.MeetingPlanner.RoomTest" name="testIsBusy_invalidTime" time="0.003" />

      <testcase classname="edu.sc.csce747.MeetingPlanner.RoomTest" name="testPrintAgenda_day" time="0.002" />

      <testcase classname="edu.sc.csce747.MeetingPlanner.RoomTest" name="testAddMeeting_boundaryTimes" time="0.001" />

      <testcase classname="edu.sc.csce747.MeetingPlanner.RoomTest" name="testAddMeeting_multipleMeetings" time="0.0" />

      <testcase classname="edu.sc.csce747.MeetingPlanner.RoomTest" name="testIsBusy_invalidParameters" time="0.0" />

      <testcase classname="edu.sc.csce747.MeetingPlanner.RoomTest" name="testRoomID_setter" time="0.001" />

      <testcase classname="edu.sc.csce747.MeetingPlanner.RoomTest" name="testIsBusy_invalidDay" time="0.0" />

      <testcase classname="edu.sc.csce747.MeetingPlanner.RoomTest" name="testRemoveMeeting" time="0.0" />

      <testcase classname="edu.sc.csce747.MeetingPlanner.RoomTest" name="testAddMeeting_exactOverlap" time="0.001" />

      <testcase classname="edu.sc.csce747.MeetingPlanner.RoomTest" name="testAddMeeting_timeConflict" time="0.001" />

      <testcase classname="edu.sc.csce747.MeetingPlanner.RoomTest" name="testAddMeeting_consecutiveMeetings" time="0.0" />

      <testcase classname="edu.sc.csce747.MeetingPlanner.RoomTest" name="testAddMeeting_nullMeeting" time="0.0" />

      <testcase classname="edu.sc.csce747.MeetingPlanner.RoomTest" name="testAddMeeting_valid" time="0.0" />

      <testcase classname="edu.sc.csce747.MeetingPlanner.RoomTest" name="testConstructor_withID" time="0.001" />

      <testcase classname="edu.sc.csce747.MeetingPlanner.RoomTest" name="testGetMeeting" time="0.0" />

      <testcase classname="edu.sc.csce747.MeetingPlanner.RoomTest" name="testAddMeeting_invalidDate" time="0.0" />

      <testcase classname="edu.sc.csce747.MeetingPlanner.RoomTest" name="testAddMeeting_invalidTime" time="0.0" />

      <testcase classname="edu.sc.csce747.MeetingPlanner.RoomTest" name="testAddMeeting_sameTimeDifferentDays" time="0.001" />

      <testcase classname="edu.sc.csce747.MeetingPlanner.RoomTest" name="testPrintAgenda_month" time="0.0" />

      <testcase classname="edu.sc.csce747.MeetingPlanner.RoomTest" name="testIsBusy_noConflict" time="0.001" />

      <testcase classname="edu.sc.csce747.MeetingPlanner.RoomTest" name="testDefaultConstructor" time="0.0" />

      <system-out><![CDATA[]]></system-out>

      <system-err><![CDATA[]]></system-err>

  </testsuite>
</testsuites>
