<?xml version="1.0" encoding="UTF-8" ?>
<testsuite errors="0" failures="0" hostname="MacBook-Air-3.local" name="edu.sc.csce747.MeetingPlanner.OrganizationTest" skipped="0" tests="26" time="0.007" timestamp="2025-10-29T14:53:40">
  <properties>
[...]
</properties>
  <testcase classname="edu.sc.csce747.MeetingPlanner.OrganizationTest" name="testGetRoom_specialCharacters" time="0.0" />
  <testcase classname="edu.sc.csce747.MeetingPlanner.OrganizationTest" name="testGetRooms" time="0.0" />
  <testcase classname="edu.sc.csce747.MeetingPlanner.OrganizationTest" name="testRoomsListIntegrity" time="0.001" />
  <testcase classname="edu.sc.csce747.MeetingPlanner.OrganizationTest" name="testGetEmployees" time="0.0" />
  <testcase classname="edu.sc.csce747.MeetingPlanner.OrganizationTest" name="testEmployeesListIntegrity" time="0.0" />
  <testcase classname="edu.sc.csce747.MeetingPlanner.OrganizationTest" name="testGetRoom_null" time="0.0" />
  <testcase classname="edu.sc.csce747.MeetingPlanner.OrganizationTest" name="testGetEmployee_specialCharacters" time="0.0" />
  <testcase classname="edu.sc.csce747.MeetingPlanner.OrganizationTest" name="testGetEmployee_null" time="0.0" />
  <testcase classname="edu.sc.csce747.MeetingPlanner.OrganizationTest" name="testGetEmployee_nonexistent" time="0.0" />
  <testcase classname="edu.sc.csce747.MeetingPlanner.OrganizationTest" name="testGetRoom_nonexistent" time="0.001" />
  <testcase classname="edu.sc.csce747.MeetingPlanner.OrganizationTest" name="testGetEmployee_existing" time="0.0" />
  <testcase classname="edu.sc.csce747.MeetingPlanner.OrganizationTest" name="testGetRoom_existing" time="0.0" />
  <testcase classname="edu.sc.csce747.MeetingPlanner.OrganizationTest" name="testGetEmployee_numbersOnly" time="0.0" />
  <testcase classname="edu.sc.csce747.MeetingPlanner.OrganizationTest" name="testGetRoom_numbersOnly" time="0.0" />
  <testcase classname="edu.sc.csce747.MeetingPlanner.OrganizationTest" name="testGetEmployee_existingCsilla" time="0.001" />
  <testcase classname="edu.sc.csce747.MeetingPlanner.OrganizationTest" name="testGetEmployee_existingManton" time="0.0" />
  <testcase classname="edu.sc.csce747.MeetingPlanner.OrganizationTest" name="testGetEmployee_emptyString" time="0.0" />
  <testcase classname="edu.sc.csce747.MeetingPlanner.OrganizationTest" name="testGetRoom_emptyString" time="0.0" />
  <testcase classname="edu.sc.csce747.MeetingPlanner.OrganizationTest" name="testGetEmployee_partialMatch" time="0.0" />
  <testcase classname="edu.sc.csce747.MeetingPlanner.OrganizationTest" name="testGetEmployee_extraSpaces" time="0.0" />
  <testcase classname="edu.sc.csce747.MeetingPlanner.OrganizationTest" name="testGetEmployee_caseSensitive" time="0.001" />
  <testcase classname="edu.sc.csce747.MeetingPlanner.OrganizationTest" name="testGetRoom_partialMatch" time="0.0" />
  <testcase classname="edu.sc.csce747.MeetingPlanner.OrganizationTest" name="testDefaultConstructor" time="0.0" />
  <testcase classname="edu.sc.csce747.MeetingPlanner.OrganizationTest" name="testGetRoom_existing2A02" time="0.0" />
  <testcase classname="edu.sc.csce747.MeetingPlanner.OrganizationTest" name="testGetRoom_existing2A05" time="0.0" />
  <testcase classname="edu.sc.csce747.MeetingPlanner.OrganizationTest" name="testGetRoom_caseSensitive" time="0.001" />
  <system-out><![CDATA[]]></system-out>
  <system-err><![CDATA[]]></system-err>
</testsuite>
